<?xml version="1.0" encoding="UTF-8"?>
<testng-results ignored="0" total="3" passed="3" failed="0" skipped="0">
  <reporter-output>
  </reporter-output>
  <suite started-at="2023-11-02T16:59:09 CDT" name="Default suite" finished-at="2023-11-02T16:59:19 CDT" duration-ms="9140">
    <groups>
      <group name="cucumber">
        <method signature="AbstractTestNGCucumberTests.runScenario(io.cucumber.testng.PickleWrapper,io.cucumber.testng.FeatureWrapper)[pri:0, instance:testRunner.TestRunner@1a482e36]" name="runScenario" class="io.cucumber.testng.AbstractTestNGCucumberTests"/>
      </group> <!-- cucumber -->
    </groups>
    <test started-at="2023-11-02T16:59:09 CDT" name="Default test" finished-at="2023-11-02T16:59:19 CDT" duration-ms="9140">
      <class name="testRunner.TestRunner">
        <test-method is-config="true" signature="setUpClass(org.testng.ITestContext)[pri:0, instance:testRunner.TestRunner@1a482e36]" started-at="2023-11-02T16:59:09 CDT" name="setUpClass" finished-at="2023-11-02T16:59:10 CDT" duration-ms="527" status="PASS">
          <params>
            <param index="0">
              <value>
                <![CDATA[org.testng.TestRunner@27be17c8]]>
              </value>
            </param>
          </params>
          <reporter-output>
          </reporter-output>
        </test-method> <!-- setUpClass -->
        <test-method signature="runScenario(io.cucumber.testng.PickleWrapper,io.cucumber.testng.FeatureWrapper)[pri:0, instance:testRunner.TestRunner@1a482e36]" started-at="2023-11-02T16:59:10 CDT" name="runScenario" description="Runs Cucumber Scenarios" data-provider="scenarios" finished-at="2023-11-02T16:59:14 CDT" duration-ms="3982" status="PASS">
          <params>
            <param index="0">
              <value>
                <![CDATA["login in to the application with data table"]]>
              </value>
            </param>
            <param index="1">
              <value>
                <![CDATA["login in to the application"]]>
              </value>
            </param>
          </params>
          <reporter-output>
          </reporter-output>
        </test-method> <!-- runScenario -->
        <test-method signature="runScenario(io.cucumber.testng.PickleWrapper,io.cucumber.testng.FeatureWrapper)[pri:0, instance:testRunner.TestRunner@1a482e36]" started-at="2023-11-02T16:59:14 CDT" name="runScenario" description="Runs Cucumber Scenarios" data-provider="scenarios" finished-at="2023-11-02T16:59:16 CDT" duration-ms="1982" status="PASS">
          <params>
            <param index="0">
              <value>
                <![CDATA["login in to the application with data table"]]>
              </value>
            </param>
            <param index="1">
              <value>
                <![CDATA["login in to the application"]]>
              </value>
            </param>
          </params>
          <reporter-output>
          </reporter-output>
        </test-method> <!-- runScenario -->
        <test-method signature="runScenario(io.cucumber.testng.PickleWrapper,io.cucumber.testng.FeatureWrapper)[pri:0, instance:testRunner.TestRunner@1a482e36]" started-at="2023-11-02T16:59:16 CDT" name="runScenario" description="Runs Cucumber Scenarios" data-provider="scenarios" finished-at="2023-11-02T16:59:19 CDT" duration-ms="2521" status="PASS">
          <params>
            <param index="0">
              <value>
                <![CDATA["login in to the application with data table"]]>
              </value>
            </param>
            <param index="1">
              <value>
                <![CDATA["login in to the application"]]>
              </value>
            </param>
          </params>
          <reporter-output>
          </reporter-output>
        </test-method> <!-- runScenario -->
        <test-method is-config="true" signature="tearDownClass()[pri:0, instance:testRunner.TestRunner@1a482e36]" started-at="2023-11-02T16:59:19 CDT" name="tearDownClass" finished-at="2023-11-02T16:59:19 CDT" duration-ms="88" status="PASS">
          <reporter-output>
          </reporter-output>
        </test-method> <!-- tearDownClass -->
      </class> <!-- testRunner.TestRunner -->
    </test> <!-- Default test -->
  </suite> <!-- Default suite -->
</testng-results>
